2022-03-31 04:35:18 - 
2022-03-31 04:35:18 - <b>Help</b>
2022-03-31 04:35:18 - sessionId:
2022-03-31 04:35:18 - q:
2022-03-31 04:35:18 - 
2022-03-31 04:35:18 - <b>General</b>
2022-03-31 04:35:18 - <a href="http://local.t.trurl.xnan.click/MarketPollWeb/tester.php">Poll Tester</a>
2022-03-31 04:35:18 - <a href="http://local.t.trurl.xnan.click/MarketBotRunnerWeb/tester.php">Bot Runner Tester</a>
2022-03-31 04:35:18 - <a href="http://local.t.trurl.xnan.click/MarketBotRunnerWeb/index	.php">Bot Runner main</a>
2022-03-31 04:35:18 - 
2022-03-31 04:35:18 - <b>Consultas</b>
2022-03-31 04:35:18 - <a href="http://local.t.trurl.xnan.click/MarketPollWeb/index.php?q=assetsAsCsv">assetsAsCsv</a>
2022-03-31 04:35:18 - <a href="http://local.t.trurl.xnan.click/MarketPollWeb/index.php?q=marketQuotesAsCsv">marketQuotesAsCsv</a>
2022-03-31 04:35:18 - <a href="http://local.t.trurl.xnan.click/MarketPollWeb/index.php?q=marketLastQuotesAsCsv">marketLastQuotesAsCsv</a>
2022-03-31 04:35:18 - <a href="http://local.t.trurl.xnan.click/MarketPollWeb/index.php?q=marketHistoryAsCsv&page=0&pageSize=20">marketHistoryAsCsv</a>
2022-03-31 04:35:18 - 
2022-03-31 04:35:18 - <b>Polling</b>
2022-03-31 04:35:18 - <a href="http://local.t.trurl.xnan.click/MarketPollWeb/index.php?q=pollQuotes&beats=1&beatSleep=0">pollQuotes</a>
2022-03-31 04:35:18 - <a href="http://local.t.trurl.xnan.click/MarketPollWeb/index.php?q=pollHistoryDISABLED">pollHistory</a>
2022-03-31 04:35:30 - 
2022-03-31 04:35:30 - <b>Help</b>
2022-03-31 04:35:30 - sessionId:
2022-03-31 04:35:30 - q:
2022-03-31 04:35:30 - 
2022-03-31 04:35:30 - <b>General</b>
2022-03-31 04:35:30 - <a href="http://local.t.trurl.xnan.click/MarketPollWeb/tester.php">Poll Tester</a>
2022-03-31 04:35:30 - <a href="http://local.t.trurl.xnan.click/MarketBotRunnerWeb/tester.php">Bot Runner Tester</a>
2022-03-31 04:35:30 - <a href="http://local.t.trurl.xnan.click/MarketBotRunnerWeb/index	.php">Bot Runner main</a>
2022-03-31 04:35:30 - 
2022-03-31 04:35:30 - <b>Consultas</b>
2022-03-31 04:35:30 - <a href="http://local.t.trurl.xnan.click/MarketPollWeb/index.php?q=assetsAsCsv">assetsAsCsv</a>
2022-03-31 04:35:30 - <a href="http://local.t.trurl.xnan.click/MarketPollWeb/index.php?q=marketQuotesAsCsv">marketQuotesAsCsv</a>
2022-03-31 04:35:30 - <a href="http://local.t.trurl.xnan.click/MarketPollWeb/index.php?q=marketLastQuotesAsCsv">marketLastQuotesAsCsv</a>
2022-03-31 04:35:30 - <a href="http://local.t.trurl.xnan.click/MarketPollWeb/index.php?q=marketHistoryAsCsv&page=0&pageSize=20">marketHistoryAsCsv</a>
2022-03-31 04:35:30 - 
2022-03-31 04:35:30 - <b>Polling</b>
2022-03-31 04:35:30 - <a href="http://local.t.trurl.xnan.click/MarketPollWeb/index.php?q=pollQuotes&beats=1&beatSleep=0">pollQuotes</a>
2022-03-31 04:35:30 - <a href="http://local.t.trurl.xnan.click/MarketPollWeb/index.php?q=pollHistoryDISABLED">pollHistory</a>
2022-03-31 04:35:31 - 
2022-03-31 04:35:31 - <b>Help</b>
2022-03-31 04:35:31 - sessionId:
2022-03-31 04:35:31 - q:
2022-03-31 04:35:31 - 
2022-03-31 04:35:31 - <b>General</b>
2022-03-31 04:35:31 - <a href="http://local.t.trurl.xnan.click/MarketPollWeb/tester.php">Poll Tester</a>
2022-03-31 04:35:31 - <a href="http://local.t.trurl.xnan.click/MarketBotRunnerWeb/tester.php">Bot Runner Tester</a>
2022-03-31 04:35:31 - <a href="http://local.t.trurl.xnan.click/MarketBotRunnerWeb/index	.php">Bot Runner main</a>
2022-03-31 04:35:31 - 
2022-03-31 04:35:31 - <b>Consultas</b>
2022-03-31 04:35:31 - <a href="http://local.t.trurl.xnan.click/MarketPollWeb/index.php?q=assetsAsCsv">assetsAsCsv</a>
2022-03-31 04:35:31 - <a href="http://local.t.trurl.xnan.click/MarketPollWeb/index.php?q=marketQuotesAsCsv">marketQuotesAsCsv</a>
2022-03-31 04:35:31 - <a href="http://local.t.trurl.xnan.click/MarketPollWeb/index.php?q=marketLastQuotesAsCsv">marketLastQuotesAsCsv</a>
2022-03-31 04:35:31 - <a href="http://local.t.trurl.xnan.click/MarketPollWeb/index.php?q=marketHistoryAsCsv&page=0&pageSize=20">marketHistoryAsCsv</a>
2022-03-31 04:35:31 - 
2022-03-31 04:35:31 - <b>Polling</b>
2022-03-31 04:35:31 - <a href="http://local.t.trurl.xnan.click/MarketPollWeb/index.php?q=pollQuotes&beats=1&beatSleep=0">pollQuotes</a>
2022-03-31 04:35:31 - <a href="http://local.t.trurl.xnan.click/MarketPollWeb/index.php?q=pollHistoryDISABLED">pollHistory</a>
2022-03-31 04:35:31 - 
2022-03-31 04:35:31 - <b>Help</b>
2022-03-31 04:35:31 - sessionId:
2022-03-31 04:35:31 - q:
2022-03-31 04:35:31 - 
2022-03-31 04:35:31 - <b>General</b>
2022-03-31 04:35:31 - <a href="http://local.t.trurl.xnan.click/MarketPollWeb/tester.php">Poll Tester</a>
2022-03-31 04:35:31 - <a href="http://local.t.trurl.xnan.click/MarketBotRunnerWeb/tester.php">Bot Runner Tester</a>
2022-03-31 04:35:31 - <a href="http://local.t.trurl.xnan.click/MarketBotRunnerWeb/index	.php">Bot Runner main</a>
2022-03-31 04:35:31 - 
2022-03-31 04:35:31 - <b>Consultas</b>
2022-03-31 04:35:31 - <a href="http://local.t.trurl.xnan.click/MarketPollWeb/index.php?q=assetsAsCsv">assetsAsCsv</a>
2022-03-31 04:35:31 - <a href="http://local.t.trurl.xnan.click/MarketPollWeb/index.php?q=marketQuotesAsCsv">marketQuotesAsCsv</a>
2022-03-31 04:35:31 - <a href="http://local.t.trurl.xnan.click/MarketPollWeb/index.php?q=marketLastQuotesAsCsv">marketLastQuotesAsCsv</a>
2022-03-31 04:35:31 - <a href="http://local.t.trurl.xnan.click/MarketPollWeb/index.php?q=marketHistoryAsCsv&page=0&pageSize=20">marketHistoryAsCsv</a>
2022-03-31 04:35:31 - 
2022-03-31 04:35:31 - <b>Polling</b>
2022-03-31 04:35:31 - <a href="http://local.t.trurl.xnan.click/MarketPollWeb/index.php?q=pollQuotes&beats=1&beatSleep=0">pollQuotes</a>
2022-03-31 04:35:31 - <a href="http://local.t.trurl.xnan.click/MarketPollWeb/index.php?q=pollHistoryDISABLED">pollHistory</a>
2022-03-31 04:36:01 - 
2022-03-31 04:36:01 - <b>Help</b>
2022-03-31 04:36:01 - sessionId:
2022-03-31 04:36:01 - q:
2022-03-31 04:36:01 - 
2022-03-31 04:36:01 - <b>General</b>
2022-03-31 04:36:01 - <a href="http://local.t.trurl.xnan.click/MarketPollWeb/tester.php">Poll Tester</a>
2022-03-31 04:36:01 - <a href="http://local.t.trurl.xnan.click/MarketBotRunnerWeb/tester.php">Bot Runner Tester</a>
2022-03-31 04:36:01 - <a href="http://local.t.trurl.xnan.click/MarketBotRunnerWeb/index	.php">Bot Runner main</a>
2022-03-31 04:36:01 - 
2022-03-31 04:36:01 - <b>Consultas</b>
2022-03-31 04:36:01 - <a href="http://local.t.trurl.xnan.click/MarketPollWeb/index.php?q=assetsAsCsv">assetsAsCsv</a>
2022-03-31 04:36:01 - <a href="http://local.t.trurl.xnan.click/MarketPollWeb/index.php?q=marketQuotesAsCsv">marketQuotesAsCsv</a>
2022-03-31 04:36:01 - <a href="http://local.t.trurl.xnan.click/MarketPollWeb/index.php?q=marketLastQuotesAsCsv">marketLastQuotesAsCsv</a>
2022-03-31 04:36:01 - <a href="http://local.t.trurl.xnan.click/MarketPollWeb/index.php?q=marketHistoryAsCsv&page=0&pageSize=20">marketHistoryAsCsv</a>
2022-03-31 04:36:01 - 
2022-03-31 04:36:01 - <b>Polling</b>
2022-03-31 04:36:01 - <a href="http://local.t.trurl.xnan.click/MarketPollWeb/index.php?q=pollQuotes&beats=1&beatSleep=0">pollQuotes</a>
2022-03-31 04:36:01 - <a href="http://local.t.trurl.xnan.click/MarketPollWeb/index.php?q=pollHistoryDISABLED">pollHistory</a>
2022-03-31 04:38:37 - 
2022-03-31 04:38:37 - <b>Help</b>
2022-03-31 04:38:37 - sessionId:
2022-03-31 04:38:37 - q:
2022-03-31 04:38:37 - 
2022-03-31 04:38:37 - <b>General</b>
2022-03-31 04:38:37 - <a href="http://local.t.trurl.xnan.click/MarketPollWeb/tester.php">Poll Tester</a>
2022-03-31 04:38:37 - <a href="http://local.t.trurl.xnan.click/MarketBotRunnerWeb/tester.php">Bot Runner Tester</a>
2022-03-31 04:38:37 - <a href="http://local.t.trurl.xnan.click/MarketBotRunnerWeb/index	.php">Bot Runner main</a>
2022-03-31 04:38:37 - 
2022-03-31 04:38:37 - <b>Consultas</b>
2022-03-31 04:38:37 - <a href="http://local.t.trurl.xnan.click/MarketPollWeb/index.php?q=assetsAsCsv">assetsAsCsv</a>
2022-03-31 04:38:37 - <a href="http://local.t.trurl.xnan.click/MarketPollWeb/index.php?q=marketQuotesAsCsv">marketQuotesAsCsv</a>
2022-03-31 04:38:37 - <a href="http://local.t.trurl.xnan.click/MarketPollWeb/index.php?q=marketLastQuotesAsCsv">marketLastQuotesAsCsv</a>
2022-03-31 04:38:37 - <a href="http://local.t.trurl.xnan.click/MarketPollWeb/index.php?q=marketHistoryAsCsv&page=0&pageSize=20">marketHistoryAsCsv</a>
2022-03-31 04:38:37 - 
2022-03-31 04:38:37 - <b>Polling</b>
2022-03-31 04:38:37 - <a href="http://local.t.trurl.xnan.click/MarketPollWeb/index.php?q=pollQuotes&beats=1&beatSleep=0">pollQuotes</a>
2022-03-31 04:38:37 - <a href="http://local.t.trurl.xnan.click/MarketPollWeb/index.php?q=pollHistoryDISABLED">pollHistory</a>
2022-04-07 00:28:09 - 
2022-04-07 00:28:09 - <b>Help</b>
2022-04-07 00:28:09 - sessionId:
2022-04-07 00:28:09 - q:
2022-04-07 00:28:09 - 
2022-04-07 00:28:09 - <b>General</b>
2022-04-07 00:28:09 - <a href="http://local.t.trurl.xnan.click/MarketPollWeb/tester.php">Poll Tester</a>
2022-04-07 00:28:09 - <a href="http://local.t.trurl.xnan.click/MarketBotRunnerWeb/tester.php">Bot Runner Tester</a>
2022-04-07 00:28:09 - <a href="http://local.t.trurl.xnan.click/MarketBotRunnerWeb/index	.php">Bot Runner main</a>
2022-04-07 00:28:09 - 
2022-04-07 00:28:09 - <b>Consultas</b>
2022-04-07 00:28:09 - <a href="http://local.t.trurl.xnan.click/MarketPollWeb/index.php?q=assetsAsCsv">assetsAsCsv</a>
2022-04-07 00:28:09 - <a href="http://local.t.trurl.xnan.click/MarketPollWeb/index.php?q=marketQuotesAsCsv">marketQuotesAsCsv</a>
2022-04-07 00:28:09 - <a href="http://local.t.trurl.xnan.click/MarketPollWeb/index.php?q=marketLastQuotesAsCsv">marketLastQuotesAsCsv</a>
2022-04-07 00:28:09 - <a href="http://local.t.trurl.xnan.click/MarketPollWeb/index.php?q=marketHistoryAsCsv&page=0&pageSize=20">marketHistoryAsCsv</a>
2022-04-07 00:28:09 - 
2022-04-07 00:28:09 - <b>Polling</b>
2022-04-07 00:28:09 - <a href="http://local.t.trurl.xnan.click/MarketPollWeb/index.php?q=pollQuotes&beats=1&beatSleep=0">pollQuotes</a>
2022-04-07 00:28:09 - <a href="http://local.t.trurl.xnan.click/MarketPollWeb/index.php?q=pollHistoryDISABLED">pollHistory</a>
2022-04-07 00:43:43 - PollWorld: pollQuotes beats:1 pollerName: pollerCount:7
2022-04-07 00:43:43 - BotWorld: pollerName: Cryptos run
2022-04-07 00:43:45 - YahooFinanceMarketPoll: poll pollDate:2022-04-07 00:43:43 marketBeat:2890
2022-04-07 00:43:45 - YahooFinanceMarketPoll: pollerName:Cryptos poll-completed: quotes:100
2022-04-07 00:43:45 - PollWorld: -------------------------
2022-04-07 00:43:45 - BotWorld: pollerName: MervalAccionesLideres run
2022-04-07 00:43:46 - YahooFinanceMarketPoll: poll pollDate:2022-04-07 00:43:45 marketBeat:525
2022-04-07 00:43:46 - YahooFinanceMarketPoll: pollerName:MervalAccionesLideres poll-completed: quotes:21
2022-04-07 00:43:46 - PollWorld: -------------------------
2022-04-07 00:43:46 - BotWorld: pollerName: SnP100 run
2022-04-07 00:43:47 - YahooFinanceMarketPoll: poll pollDate:2022-04-07 00:43:46 marketBeat:899
2022-04-07 00:43:47 - YahooFinanceMarketPoll: pollerName:SnP100 poll-completed: quotes:94
2022-04-07 00:43:47 - PollWorld: -------------------------
2022-04-07 00:43:47 - BotWorld: pollerName: MervalCedears run
2022-04-07 00:43:48 - YahooFinanceMarketPoll: poll pollDate:2022-04-07 00:43:47 marketBeat:180
2022-04-07 00:43:48 - YahooFinanceMarketPoll: pollerName:MervalCedears poll-completed: quotes:194
2022-04-07 00:43:48 - PollWorld: -------------------------
2022-04-07 00:43:48 - BotWorld: pollerName: Nasdaq100 run
2022-04-07 00:43:49 - YahooFinanceMarketPoll: poll pollDate:2022-04-07 00:43:48 marketBeat:850
2022-04-07 00:43:49 - YahooFinanceMarketPoll: pollerName:Nasdaq100 poll-completed: quotes:101
2022-04-07 00:43:49 - PollWorld: -------------------------
2022-04-07 00:43:49 - BotWorld: pollerName: MervalAccionesGeneral run
2022-04-07 00:43:50 - YahooFinanceMarketPoll: poll pollDate:2022-04-07 00:43:49 marketBeat:231
2022-04-07 00:43:50 - YahooFinanceMarketPoll: pollerName:MervalAccionesGeneral poll-completed: quotes:42
2022-04-07 00:43:50 - PollWorld: -------------------------
2022-04-07 00:43:50 - BotWorld: pollerName: YFFOREXUSD run
2022-04-07 00:43:51 - YahooFinanceMarketPoll: poll pollDate:2022-04-07 00:43:50 marketBeat:6
2022-04-07 00:43:51 - YahooFinanceMarketPoll: pollerName:YFFOREXUSD poll-completed: quotes:122
2022-04-07 00:43:51 - PollWorld: -------------------------
2022-04-07 00:43:51 - PollWorld: end
2022-04-07 00:43:51 - Nano: Performance: Summary
2022-04-07 00:43:51 - Nano: Performance: ##########################
2022-04-07 00:43:51 - Nano: Performance: ##########################
2022-04-07 00:46:04 - PollWorld: pollQuotes beats:1 pollerName: pollerCount:7
2022-04-07 00:46:04 - BotWorld: pollerName: Cryptos run
2022-04-07 00:46:05 - YahooFinanceMarketPoll: poll pollDate:2022-04-07 00:46:04 marketBeat:2890
2022-04-07 00:46:05 - YahooFinanceMarketPoll: pollerName:Cryptos poll-completed: quotes:100
2022-04-07 00:46:05 - PollWorld: -------------------------
2022-04-07 00:46:05 - BotWorld: pollerName: MervalAccionesLideres run
2022-04-07 00:46:06 - YahooFinanceMarketPoll: poll pollDate:2022-04-07 00:46:05 marketBeat:525
2022-04-07 00:46:06 - YahooFinanceMarketPoll: pollerName:MervalAccionesLideres poll-completed: quotes:21
2022-04-07 00:46:06 - PollWorld: -------------------------
2022-04-07 00:46:06 - BotWorld: pollerName: SnP100 run
2022-04-07 00:46:07 - YahooFinanceMarketPoll: poll pollDate:2022-04-07 00:46:06 marketBeat:899
2022-04-07 00:46:07 - YahooFinanceMarketPoll: pollerName:SnP100 poll-completed: quotes:94
2022-04-07 00:46:07 - PollWorld: -------------------------
2022-04-07 00:46:07 - BotWorld: pollerName: MervalCedears run
2022-04-07 00:46:08 - YahooFinanceMarketPoll: poll pollDate:2022-04-07 00:46:07 marketBeat:180
2022-04-07 00:46:08 - YahooFinanceMarketPoll: pollerName:MervalCedears poll-completed: quotes:194
2022-04-07 00:46:08 - PollWorld: -------------------------
2022-04-07 00:46:08 - BotWorld: pollerName: Nasdaq100 run
2022-04-07 00:46:09 - YahooFinanceMarketPoll: poll pollDate:2022-04-07 00:46:08 marketBeat:850
2022-04-07 00:46:09 - YahooFinanceMarketPoll: pollerName:Nasdaq100 poll-completed: quotes:101
2022-04-07 00:46:09 - PollWorld: -------------------------
2022-04-07 00:46:09 - BotWorld: pollerName: MervalAccionesGeneral run
2022-04-07 00:46:10 - YahooFinanceMarketPoll: poll pollDate:2022-04-07 00:46:09 marketBeat:231
2022-04-07 00:46:10 - YahooFinanceMarketPoll: pollerName:MervalAccionesGeneral poll-completed: quotes:42
2022-04-07 00:46:10 - PollWorld: -------------------------
2022-04-07 00:46:10 - BotWorld: pollerName: YFFOREXUSD run
2022-04-07 00:46:11 - YahooFinanceMarketPoll: poll pollDate:2022-04-07 00:46:10 marketBeat:6
2022-04-07 00:46:11 - YahooFinanceMarketPoll: pollerName:YFFOREXUSD poll-completed: quotes:122
2022-04-07 00:46:11 - PollWorld: -------------------------
2022-04-07 00:46:11 - PollWorld: end
2022-04-07 00:46:11 - Nano: Performance: Summary
2022-04-07 00:46:11 - Nano: Performance: ##########################
2022-04-07 00:46:11 - Nano: Performance: ##########################
2022-04-07 00:46:28 - PollWorld: pollQuotes beats:1 pollerName: pollerCount:7
2022-04-07 00:46:28 - BotWorld: pollerName: Cryptos run
2022-04-07 00:46:29 - YahooFinanceMarketPoll: poll pollDate:2022-04-07 00:46:28 marketBeat:1
2022-04-07 00:46:29 - YahooFinanceMarketPoll: pollerName:Cryptos poll-completed: quotes:100
2022-04-07 00:46:29 - PollWorld: -------------------------
2022-04-07 00:46:29 - BotWorld: pollerName: MervalAccionesLideres run
2022-04-07 00:46:29 - YahooFinanceMarketPoll: poll pollDate:2022-04-07 00:46:29 marketBeat:1
2022-04-07 00:46:29 - YahooFinanceMarketPoll: pollerName:MervalAccionesLideres poll-completed: quotes:21
2022-04-07 00:46:29 - PollWorld: -------------------------
2022-04-07 00:46:29 - BotWorld: pollerName: SnP100 run
2022-04-07 00:46:30 - YahooFinanceMarketPoll: poll pollDate:2022-04-07 00:46:29 marketBeat:1
2022-04-07 00:46:30 - YahooFinanceMarketPoll: pollerName:SnP100 poll-completed: quotes:94
2022-04-07 00:46:30 - PollWorld: -------------------------
2022-04-07 00:46:30 - BotWorld: pollerName: MervalCedears run
2022-04-07 00:46:31 - YahooFinanceMarketPoll: poll pollDate:2022-04-07 00:46:30 marketBeat:1
2022-04-07 00:46:31 - YahooFinanceMarketPoll: pollerName:MervalCedears poll-completed: quotes:194
2022-04-07 00:46:32 - PollWorld: -------------------------
2022-04-07 00:46:32 - BotWorld: pollerName: Nasdaq100 run
2022-04-07 00:46:32 - YahooFinanceMarketPoll: poll pollDate:2022-04-07 00:46:32 marketBeat:1
2022-04-07 00:46:32 - YahooFinanceMarketPoll: pollerName:Nasdaq100 poll-completed: quotes:101
2022-04-07 00:46:32 - PollWorld: -------------------------
2022-04-07 00:46:32 - BotWorld: pollerName: MervalAccionesGeneral run
2022-04-07 00:46:33 - YahooFinanceMarketPoll: poll pollDate:2022-04-07 00:46:32 marketBeat:1
2022-04-07 00:46:33 - YahooFinanceMarketPoll: pollerName:MervalAccionesGeneral poll-completed: quotes:42
2022-04-07 00:46:33 - PollWorld: -------------------------
2022-04-07 00:46:33 - BotWorld: pollerName: YFFOREXUSD run
2022-04-07 00:46:34 - YahooFinanceMarketPoll: poll pollDate:2022-04-07 00:46:33 marketBeat:1
2022-04-07 00:46:34 - YahooFinanceMarketPoll: pollerName:YFFOREXUSD poll-completed: quotes:122
2022-04-07 00:46:34 - PollWorld: -------------------------
2022-04-07 00:46:34 - PollWorld: end
2022-04-07 00:46:34 - Nano: Performance: Summary
2022-04-07 00:46:34 - Nano: Performance: ##########################
2022-04-07 00:46:34 - Nano: Performance: ##########################
2022-04-07 00:54:01 - PollWorld: pollQuotes beats:1 pollerName: pollerCount:7
2022-04-07 00:54:01 - BotWorld: pollerName: Cryptos run
2022-04-07 00:54:02 - YahooFinanceMarketPoll: poll pollDate:2022-04-07 00:54:01 marketBeat:1
2022-04-07 00:54:02 - YahooFinanceMarketPoll: pollerName:Cryptos poll-completed: quotes:100
2022-04-07 00:54:02 - PollWorld: -------------------------
2022-04-07 00:54:02 - BotWorld: pollerName: MervalAccionesLideres run
2022-04-07 00:54:03 - YahooFinanceMarketPoll: poll pollDate:2022-04-07 00:54:02 marketBeat:1
2022-04-07 00:54:03 - YahooFinanceMarketPoll: pollerName:MervalAccionesLideres poll-completed: quotes:21
2022-04-07 00:54:03 - PollWorld: -------------------------
2022-04-07 00:54:03 - BotWorld: pollerName: SnP100 run
2022-04-07 00:54:03 - YahooFinanceMarketPoll: poll pollDate:2022-04-07 00:54:03 marketBeat:1
2022-04-07 00:54:03 - YahooFinanceMarketPoll: pollerName:SnP100 poll-completed: quotes:94
2022-04-07 00:54:04 - PollWorld: -------------------------
2022-04-07 00:54:04 - BotWorld: pollerName: MervalCedears run
2022-04-07 00:54:04 - YahooFinanceMarketPoll: poll pollDate:2022-04-07 00:54:04 marketBeat:1
2022-04-07 00:54:04 - YahooFinanceMarketPoll: pollerName:MervalCedears poll-completed: quotes:194
2022-04-07 00:54:04 - PollWorld: -------------------------
2022-04-07 00:54:04 - BotWorld: pollerName: Nasdaq100 run
2022-04-07 00:54:05 - YahooFinanceMarketPoll: poll pollDate:2022-04-07 00:54:04 marketBeat:1
2022-04-07 00:54:05 - YahooFinanceMarketPoll: pollerName:Nasdaq100 poll-completed: quotes:101
2022-04-07 00:54:05 - PollWorld: -------------------------
2022-04-07 00:54:05 - BotWorld: pollerName: MervalAccionesGeneral run
2022-04-07 00:54:06 - YahooFinanceMarketPoll: poll pollDate:2022-04-07 00:54:05 marketBeat:1
2022-04-07 00:54:06 - YahooFinanceMarketPoll: pollerName:MervalAccionesGeneral poll-completed: quotes:42
2022-04-07 00:54:06 - PollWorld: -------------------------
2022-04-07 00:54:06 - BotWorld: pollerName: YFFOREXUSD run
2022-04-07 00:54:07 - YahooFinanceMarketPoll: poll pollDate:2022-04-07 00:54:06 marketBeat:1
2022-04-07 00:54:07 - YahooFinanceMarketPoll: pollerName:YFFOREXUSD poll-completed: quotes:122
2022-04-07 00:54:07 - PollWorld: -------------------------
2022-04-07 00:54:07 - PollWorld: end
2022-04-07 00:54:07 - Nano: Performance: Summary
2022-04-07 00:54:07 - Nano: Performance: ##########################
2022-04-07 00:54:07 - Nano: Performance: ##########################
2022-04-07 00:56:36 - PollWorld: pollQuotes beats:1 pollerName: pollerCount:7
2022-04-07 00:56:36 - BotWorld: pollerName: Cryptos run
2022-04-07 00:56:49 - PollWorld: pollQuotes beats:1 pollerName: pollerCount:7
2022-04-07 00:56:49 - BotWorld: pollerName: Cryptos run
2022-04-07 00:57:31 - PollWorld: pollQuotes beats:1 pollerName: pollerCount:7
2022-04-07 00:57:31 - BotWorld: pollerName: Cryptos run
2022-04-07 00:59:15 - PollWorld: pollQuotes beats:1 pollerName: pollerCount:7
2022-04-07 00:59:15 - BotWorld: pollerName: Cryptos run
2022-04-07 00:59:40 - PollWorld: pollQuotes beats:1 pollerName: pollerCount:7
2022-04-07 00:59:40 - BotWorld: pollerName: Cryptos run
2022-04-07 00:59:53 - PollWorld: pollQuotes beats:1 pollerName: pollerCount:7
2022-04-07 00:59:53 - BotWorld: pollerName: Cryptos run
2022-04-07 01:01:20 - PollWorld: pollQuotes beats:1 pollerName: pollerCount:7
2022-04-07 01:01:20 - BotWorld: pollerName: Cryptos run
2022-04-07 01:01:21 - YahooFinanceMarketPoll: poll pollDate:2022-04-07 01:01:20 marketBeat:2890
2022-04-07 01:01:21 - YahooFinanceMarketPoll: pollerName:Cryptos poll-completed: quotes:100
2022-04-07 01:01:21 - PollWorld: -------------------------
2022-04-07 01:01:21 - BotWorld: pollerName: MervalAccionesLideres run
2022-04-07 01:01:22 - YahooFinanceMarketPoll: poll pollDate:2022-04-07 01:01:21 marketBeat:1
2022-04-07 01:01:22 - YahooFinanceMarketPoll: pollerName:MervalAccionesLideres poll-completed: quotes:21
2022-04-07 01:01:22 - PollWorld: -------------------------
2022-04-07 01:01:22 - BotWorld: pollerName: SnP100 run
2022-04-07 01:01:23 - YahooFinanceMarketPoll: poll pollDate:2022-04-07 01:01:22 marketBeat:1
2022-04-07 01:01:23 - YahooFinanceMarketPoll: pollerName:SnP100 poll-completed: quotes:94
2022-04-07 01:01:23 - PollWorld: -------------------------
2022-04-07 01:01:23 - BotWorld: pollerName: MervalCedears run
2022-04-07 01:01:24 - YahooFinanceMarketPoll: poll pollDate:2022-04-07 01:01:23 marketBeat:1
2022-04-07 01:01:24 - YahooFinanceMarketPoll: pollerName:MervalCedears poll-completed: quotes:194
2022-04-07 01:01:24 - PollWorld: -------------------------
2022-04-07 01:01:24 - BotWorld: pollerName: Nasdaq100 run
2022-04-07 01:01:25 - YahooFinanceMarketPoll: poll pollDate:2022-04-07 01:01:24 marketBeat:1
2022-04-07 01:01:25 - YahooFinanceMarketPoll: pollerName:Nasdaq100 poll-completed: quotes:101
2022-04-07 01:01:25 - PollWorld: -------------------------
2022-04-07 01:01:25 - BotWorld: pollerName: MervalAccionesGeneral run
2022-04-07 01:01:26 - YahooFinanceMarketPoll: poll pollDate:2022-04-07 01:01:25 marketBeat:1
2022-04-07 01:01:26 - YahooFinanceMarketPoll: pollerName:MervalAccionesGeneral poll-completed: quotes:42
2022-04-07 01:01:26 - PollWorld: -------------------------
2022-04-07 01:01:26 - BotWorld: pollerName: YFFOREXUSD run
2022-04-07 01:01:27 - YahooFinanceMarketPoll: poll pollDate:2022-04-07 01:01:26 marketBeat:1
2022-04-07 01:01:27 - YahooFinanceMarketPoll: pollerName:YFFOREXUSD poll-completed: quotes:122
2022-04-07 01:01:27 - PollWorld: -------------------------
2022-04-07 01:01:27 - PollWorld: end
2022-04-07 01:01:27 - Nano: Performance: Summary
2022-04-07 01:01:27 - Nano: Performance: ##########################
2022-04-07 01:01:27 - Nano: Performance: ##########################
2022-04-07 03:18:24 - PollWorld: pollQuotes beats:1 pollerName: pollerCount:7
2022-04-07 03:18:24 - BotWorld: pollerName: Cryptos run
2022-04-07 03:18:25 - YahooFinanceMarketPoll: poll pollDate:2022-04-07 03:18:24 marketBeat:1
2022-04-07 03:18:25 - YahooFinanceMarketPoll: pollerName:Cryptos poll-completed: quotes:100
2022-04-07 03:18:25 - PollWorld: -------------------------
2022-04-07 03:18:25 - BotWorld: pollerName: MervalAccionesLideres run
2022-04-07 03:18:25 - YahooFinanceMarketPoll: poll pollDate:2022-04-07 03:18:25 marketBeat:1
2022-04-07 03:18:25 - YahooFinanceMarketPoll: pollerName:MervalAccionesLideres poll-completed: quotes:21
2022-04-07 03:18:25 - PollWorld: -------------------------
2022-04-07 03:18:25 - BotWorld: pollerName: SnP100 run
2022-04-07 03:18:26 - YahooFinanceMarketPoll: poll pollDate:2022-04-07 03:18:25 marketBeat:1
2022-04-07 03:18:26 - YahooFinanceMarketPoll: pollerName:SnP100 poll-completed: quotes:94
2022-04-07 03:18:26 - PollWorld: -------------------------
2022-04-07 03:18:26 - BotWorld: pollerName: MervalCedears run
2022-04-07 03:18:27 - YahooFinanceMarketPoll: poll pollDate:2022-04-07 03:18:26 marketBeat:1
2022-04-07 03:18:27 - YahooFinanceMarketPoll: pollerName:MervalCedears poll-completed: quotes:194
2022-04-07 03:18:27 - PollWorld: -------------------------
2022-04-07 03:18:27 - BotWorld: pollerName: Nasdaq100 run
2022-04-07 03:18:28 - YahooFinanceMarketPoll: poll pollDate:2022-04-07 03:18:27 marketBeat:1
2022-04-07 03:18:28 - YahooFinanceMarketPoll: pollerName:Nasdaq100 poll-completed: quotes:101
2022-04-07 03:18:28 - PollWorld: -------------------------
2022-04-07 03:18:28 - BotWorld: pollerName: MervalAccionesGeneral run
2022-04-07 03:18:28 - YahooFinanceMarketPoll: poll pollDate:2022-04-07 03:18:28 marketBeat:1
2022-04-07 03:18:28 - YahooFinanceMarketPoll: pollerName:MervalAccionesGeneral poll-completed: quotes:42
2022-04-07 03:18:28 - PollWorld: -------------------------
2022-04-07 03:18:28 - BotWorld: pollerName: YFFOREXUSD run
2022-04-07 03:18:29 - YahooFinanceMarketPoll: poll pollDate:2022-04-07 03:18:28 marketBeat:1
2022-04-07 03:18:29 - YahooFinanceMarketPoll: pollerName:YFFOREXUSD poll-completed: quotes:122
2022-04-07 03:18:29 - PollWorld: -------------------------
2022-04-07 03:18:29 - PollWorld: end
2022-04-07 03:18:29 - Nano: Performance: Summary
2022-04-07 03:18:29 - Nano: Performance: ##########################
2022-04-07 03:18:29 - Nano: Performance: ##########################
